<?xml version="1.0" encoding="UTF-8" ?>
<testsuite failures="0" time="4.038" errors="0" skipped="0" tests="11" name="com.jsmadja.wall.hudsonclient.HudsonTest">
  <properties>
[...]
</properties>
  <testcase time="1.128" classname="com.jsmadja.wall.hudsonclient.HudsonTest" name="should_retrieve_projects_from_hudson"/>
  <testcase time="0.415" classname="com.jsmadja.wall.hudsonclient.HudsonTest" name="should_retrieve_projects_with_building_status"/>
  <testcase time="0.155" classname="com.jsmadja.wall.hudsonclient.HudsonTest" name="should_retrieve_build_with_last_commiters"/>
  <testcase time="0.186" classname="com.jsmadja.wall.hudsonclient.HudsonTest" name="should_retrieve_build_with_status"/>
  <testcase time="0.122" classname="com.jsmadja.wall.hudsonclient.HudsonTest" name="should_retrieve_build_start_time"/>
  <testcase time="0.213" classname="com.jsmadja.wall.hudsonclient.HudsonTest" name="should_retrieve_artifact_id"/>
  <testcase time="0.326" classname="com.jsmadja.wall.hudsonclient.HudsonTest" name="should_retrieve_projects_with_description"/>
  <testcase time="0.363" classname="com.jsmadja.wall.hudsonclient.HudsonTest" name="should_retrieve_average_build_duration_time"/>
  <testcase time="0.279" classname="com.jsmadja.wall.hudsonclient.HudsonTest" name="should_return_successful_build_numbers"/>
  <testcase time="0.709" classname="com.jsmadja.wall.hudsonclient.HudsonTest" name="should_retrieve_estimated_remaining_time"/>
  <testcase time="0.075" classname="com.jsmadja.wall.hudsonclient.HudsonTest" name="should_retrieve_test_result"/>
</testsuite>